<?xml version="1.0" encoding="UTF-8"?>
<testng-results ignored="0" total="1" passed="1" failed="0" skipped="0">
  <reporter-output>
  </reporter-output>
  <suite started-at="2024-07-05T14:31:16 IST" name="TestSuite" finished-at="2024-07-05T14:31:22 IST" duration-ms="6829">
    <groups>
    </groups>
    <test started-at="2024-07-05T14:31:16 IST" name="LoginTestsChromeBrowserTabletLandscape" finished-at="2024-07-05T14:31:22 IST" duration-ms="6829">
      <class name="zapcg.Capillary.LoginTestCases.Login_Valid_TestCases">
        <test-method is-config="true" signature="initialize(java.lang.String,java.lang.String)[pri:0, instance:zapcg.Capillary.LoginTestCases.Login_Valid_TestCases@758c83d8]" started-at="2024-07-05T14:31:16 IST" name="initialize" finished-at="2024-07-05T14:31:20 IST" duration-ms="3928" status="PASS">
          <params>
            <param index="0">
              <value>
                <![CDATA[chrome]]>
              </value>
            </param>
            <param index="1">
              <value>
                <![CDATA[Tablet Landscape]]>
              </value>
            </param>
          </params>
          <reporter-output>
          </reporter-output>
        </test-method> <!-- initialize -->
        <test-method signature="testValidLogin_TestCase1()[pri:1, instance:zapcg.Capillary.LoginTestCases.Login_Valid_TestCases@758c83d8]" started-at="2024-07-05T14:31:20 IST" name="testValidLogin_TestCase1" finished-at="2024-07-05T14:31:22 IST" duration-ms="2269" status="PASS">
          <reporter-output>
          </reporter-output>
        </test-method> <!-- testValidLogin_TestCase1 -->
        <test-method is-config="true" signature="tearDown()[pri:0, instance:zapcg.Capillary.LoginTestCases.Login_Valid_TestCases@758c83d8]" started-at="2024-07-05T14:31:22 IST" name="tearDown" finished-at="2024-07-05T14:31:22 IST" duration-ms="593" status="PASS">
          <reporter-output>
          </reporter-output>
        </test-method> <!-- tearDown -->
      </class> <!-- zapcg.Capillary.LoginTestCases.Login_Valid_TestCases -->
    </test> <!-- LoginTestsChromeBrowserTabletLandscape -->
  </suite> <!-- TestSuite -->
</testng-results>
