<?xml version="1.0" encoding="UTF-8"?>
<!-- Generated by org.testng.reporters.JUnitXMLReporter -->
<testsuite ignored="0" hostname="ZCBLRLP0293" failures="0" tests="6" name="LoginTestsChromeBrowserTabletLandscape" time="37.192" errors="0" timestamp="2024-07-05T15:16:41 IST">
  <testcase classname="zapcg.Capillary.MemberLookupTestCases.MemberLookup_TestCases" name="verifyScanButtonAvailability" time="1.997"/>
  <testcase classname="zapcg.Capillary.MemberLookupTestCases.MemberLookup_TestCases" name="enterValidMemberId" time="3.692"/>
  <testcase classname="zapcg.Capillary.MemberLookupTestCases.MemberLookup_TestCases" name="verifyHeaderHyperlink" time="1.723"/>
  <testcase classname="zapcg.Capillary.MemberLookupTestCases.MemberLookup_TestCases" name="burgerIconMemberLookupNavigation" time="1.368"/>
  <testcase classname="zapcg.Capillary.MemberLookupTestCases.MemberLookup_TestCases" name="burgerIconLocationNavigation" time="1.091"/>
  <testcase classname="zapcg.Capillary.MemberLookupTestCases.MemberLookup_TestCases" name="burgerIconLogout" time="1.437"/>
</testsuite> <!-- LoginTestsChromeBrowserTabletLandscape -->
