<?xml version="1.0" encoding="UTF-8"?>
<!-- Generated by org.testng.reporters.JUnitXMLReporter -->
<testsuite ignored="0" hostname="ZCBLRLP0293" failures="1" tests="19" name="LoginTestsChromeBrowserTabletPortrait" time="165.732" errors="0" timestamp="2024-07-05T14:35:09 IST">
  <testcase classname="zapcg.Capillary.LoginTestCases.Login_Valid_TestCases" name="testValidLogin_TestCase1" time="2.174"/>
  <testcase classname="zapcg.Capillary.LoginTestCases.Login_Invalid_TestCases" name="testInvalidUsername_TestCase2" time="1.722"/>
  <testcase classname="zapcg.Capillary.LoginTestCases.Login_Invalid_TestCases" name="testInvalidPassword_TestCase3" time="1.678"/>
  <testcase classname="zapcg.Capillary.LoginTestCases.Login_Invalid_TestCases" name="testTooLongUsername_TestCase4" time="0.496"/>
  <testcase classname="zapcg.Capillary.LoginTestCases.Login_Invalid_TestCases" name="testMinLengthPassword_TestCase5" time="0.372"/>
  <testcase classname="zapcg.Capillary.LoginTestCases.Login_Invalid_TestCases" name="testUsernameWithSpaces_TestCase6" time="0.387"/>
  <testcase classname="zapcg.Capillary.LoginTestCases.Login_Invalid_TestCases" name="verifyForEnabledLoginButton_TestCase7" time="2.516"/>
  <testcase classname="zapcg.Capillary.LoginTestCases.Login_Invalid_TestCases" name="verifyForDisabledLoginButtonForEmptyUsername_TestCase8" time="0.25"/>
  <testcase classname="zapcg.Capillary.LoginTestCases.Login_Invalid_TestCases" name="verifyForDisabledLoginButtonForEmptyPassword_TestCase9" time="0.276"/>
  <testcase classname="zapcg.Capillary.LoginTestCases.Login_Invalid_TestCases" name="verifyForDisabledLoginButtonForEmptyUsernamePassword_TestCase10" time="0.185"/>
  <testcase classname="zapcg.Capillary.LocationPageTestCases.Location_ExistingUser_TestCases" name="chooseValidLocationForNewUser" time="2.027"/>
  <testcase classname="zapcg.Capillary.LocationPageTestCases.Location_ExistingUser_TestCases" name="verifyDropDownAvailability" time="0.065"/>
  <testcase classname="zapcg.Capillary.LocationPageTestCases.Location_ExistingUser_TestCases" name="verifyIfAbleToSelectOptionFromDropDown" time="0.225"/>
  <testcase classname="zapcg.Capillary.LocationPageTestCases.Location_ExistingUser_TestCases" name="verifyChooseLocationButtonAvailability" time="1.692"/>
  <testcase classname="zapcg.Capillary.LocationPageTestCases.Location_ExistingUser_TestCases" name="verifyHeaderOfMemberLookupScreen" time="1.546"/>
  <testcase classname="zapcg.Capillary.LocationPageTestCases.Location_ExistingUser_TestCases" name="burgerIconMemberLookupNavigation" time="0.141"/>
  <testcase classname="zapcg.Capillary.LocationPageTestCases.Location_ExistingUser_TestCases" name="burgerIconMemberLocationNavigation" time="0.137"/>
  <testcase classname="zapcg.Capillary.LocationPageTestCases.Location_ExistingUser_TestCases" name="burgerIconLogout" time="0.135"/>
  <testcase classname="zapcg.Capillary.LocationPageTestCases.Location_ExistingUser_TestCases" name="navigatedFromLocationToLookupScreen" time="60.306">
    <failure type="java.lang.AssertionError" message="An error occurred during navigation verification: Expected condition failed: waiting for visibility of Proxy element for: DefaultElementLocator &amp;apos;By.xpath: //div[@id=&amp;apos;MSCONT&amp;apos;]&amp;apos; (tried for 20 second(s) with 500 milliseconds interval)">
      <![CDATA[java.lang.AssertionError: An error occurred during navigation verification: Expected condition failed: waiting for visibility of Proxy element for: DefaultElementLocator 'By.xpath: //div[@id='MSCONT']' (tried for 20 second(s) with 500 milliseconds interval)
at zapcg.Capillary.PageObject.locationSelectionPage.verifySuccessfullNavigationFromLocationTOMemberLookupPage(locationSelectionPage.java:352)
at zapcg.Capillary.LocationPageTestCases.Location_ExistingUser_TestCases.navigatedFromLocationToLookupScreen(Location_ExistingUser_TestCases.java:206)
at java.base/java.util.ArrayList.forEach(ArrayList.java:1511)
at java.base/java.util.concurrent.FutureTask.run(FutureTask.java:264)
at java.base/java.util.concurrent.ThreadPoolExecutor.runWorker(ThreadPoolExecutor.java:1130)
at java.base/java.util.concurrent.ThreadPoolExecutor$Worker.run(ThreadPoolExecutor.java:630)
at java.base/java.lang.Thread.run(Thread.java:832)
... Removed 18 stack frames]]>
    </failure>
  </testcase> <!-- navigatedFromLocationToLookupScreen -->
</testsuite> <!-- LoginTestsChromeBrowserTabletPortrait -->
